<?xml version="1.0" encoding="UTF-8"?>
<testng-results ignored="0" total="2" passed="2" failed="0" skipped="0">
  <reporter-output>
  </reporter-output>
  <suite started-at="2024-05-04T16:56:25 IST" name="Surefire suite" finished-at="2024-05-04T16:57:17 IST" duration-ms="52538">
    <groups>
    </groups>
    <test started-at="2024-05-04T16:56:25 IST" name="Surefire test" finished-at="2024-05-04T16:57:17 IST" duration-ms="52538">
      <class name="mavendemo.TestNGExample">
        <test-method signature="basicOfTestNG1()[pri:0, instance:mavendemo.TestNGExample@2aa3cd93]" started-at="2024-05-04T16:56:25 IST" name="basicOfTestNG1" finished-at="2024-05-04T16:56:59 IST" duration-ms="34268" status="PASS">
          <reporter-output>
          </reporter-output>
        </test-method> <!-- basicOfTestNG1 -->
        <test-method signature="basicOfTestNG2()[pri:0, instance:mavendemo.TestNGExample@2aa3cd93]" started-at="2024-05-04T16:56:59 IST" name="basicOfTestNG2" finished-at="2024-05-04T16:57:17 IST" duration-ms="18133" status="PASS">
          <reporter-output>
          </reporter-output>
        </test-method> <!-- basicOfTestNG2 -->
      </class> <!-- mavendemo.TestNGExample -->
    </test> <!-- Surefire test -->
  </suite> <!-- Surefire suite -->
</testng-results>
