<?xml version="1.0" encoding="UTF-8"?>
<testng-results ignored="0" total="2" passed="2" failed="0" skipped="0">
  <reporter-output>
  </reporter-output>
  <suite started-at="2024-05-16T16:02:29 IST" name="All Test Suite" finished-at="2024-05-16T16:03:38 IST" duration-ms="69118">
    <groups>
    </groups>
    <test started-at="2024-05-16T16:02:29 IST" name="C:/Users/Kumar/IdeaProjects/Maven_project" finished-at="2024-05-16T16:03:38 IST" duration-ms="69118">
      <class name="testng.parameterization.NormalDataProvider">
        <test-method signature="verifyNeedOfParameter(java.lang.String,java.lang.String)[pri:0, instance:testng.parameterization.NormalDataProvider@3ec300f1]" started-at="2024-05-16T16:02:29 IST" name="verifyNeedOfParameter" data-provider="test data" finished-at="2024-05-16T16:03:12 IST" duration-ms="42620" status="PASS">
          <params>
            <param index="0">
              <value>
                <![CDATA[Selenium]]>
              </value>
            </param>
            <param index="1">
              <value>
                <![CDATA[Mumbai]]>
              </value>
            </param>
          </params>
          <reporter-output>
          </reporter-output>
        </test-method> <!-- verifyNeedOfParameter -->
        <test-method signature="verifyNeedOfParameter(java.lang.String,java.lang.String)[pri:0, instance:testng.parameterization.NormalDataProvider@3ec300f1]" started-at="2024-05-16T16:03:12 IST" name="verifyNeedOfParameter" data-provider="test data" finished-at="2024-05-16T16:03:38 IST" duration-ms="26266" status="PASS">
          <params>
            <param index="0">
              <value>
                <![CDATA[Selenium]]>
              </value>
            </param>
            <param index="1">
              <value>
                <![CDATA[Pune]]>
              </value>
            </param>
          </params>
          <reporter-output>
          </reporter-output>
        </test-method> <!-- verifyNeedOfParameter -->
      </class> <!-- testng.parameterization.NormalDataProvider -->
    </test> <!-- C:/Users/Kumar/IdeaProjects/Maven_project -->
  </suite> <!-- All Test Suite -->
</testng-results>
